splash/build/intermediates/manifest_merge_blame_file/debug/manifest-merger-blame-debug-report.txt
1<?xml version="1.0" encoding="utf-8"?>
2<manifest xmlns:android="http://schemas.android.com/apk/res/android"
3    package="com.inshort.splash" >
4
5    <uses-sdk android:minSdkVersion="23" />
6
7    <application>
7-->src\main\AndroidManifest.xml:4:5-17:19
8        <activity
8-->src\main\AndroidManifest.xml:5:9-16:20
9            android:name="com.inshort.splash.activity.SplashActivity"
9-->src\main\AndroidManifest.xml:6:13-52
10            android:exported="true"
10-->src\main\AndroidManifest.xml:7:13-36
11            android:launchMode="singleTop"
11-->src\main\AndroidManifest.xml:8:13-43
12            android:screenOrientation="portrait"
12-->src\main\AndroidManifest.xml:9:13-49
13            android:theme="@style/Theme.Splash" >
13-->src\main\AndroidManifest.xml:10:13-48
14            <intent-filter>
14-->src\main\AndroidManifest.xml:12:13-15:29
15                <action android:name="android.intent.action.MAIN" />
15-->src\main\AndroidManifest.xml:13:17-69
15-->src\main\AndroidManifest.xml:13:25-66
16
17                <category android:name="android.intent.category.LAUNCHER" />
17-->src\main\AndroidManifest.xml:14:17-77
17-->src\main\AndroidManifest.xml:14:27-74
18            </intent-filter>
19        </activity>
20    </application>
21
22</manifest>